C:\USERS\ARIEL\DESKTOP\FINAL\MFCPROJECT V3 MOVING ADDED\DEBUG\MFCPROJECT.EXE
C:\USERS\ARIEL\DESKTOP\FINAL\MFCPROJECT V3 MOVING ADDED\DEBUG\MFCPROJECT.ILK
C:\USERS\ARIEL\DESKTOP\FINAL\MFCPROJECT V3 MOVING ADDED\DEBUG\MFCPROJECT.PDB
C:\USERS\ARIEL\DESKTOP\FINAL\MFCPROJECT V3 MOVING ADDED\MFCPROJECT\DEBUG\MFCPROJECT.EXE.EMBED.MANIFEST.RES
C:\USERS\ARIEL\DESKTOP\FINAL\MFCPROJECT V3 MOVING ADDED\MFCPROJECT\DEBUG\MFCPROJECT.EXE.INTERMEDIATE.MANIFEST
C:\USERS\ARIEL\DESKTOP\FINAL\MFCPROJECT V3 MOVING ADDED\MFCPROJECT\DEBUG\MFCPROJECT.OBJ
C:\USERS\ARIEL\DESKTOP\FINAL\MFCPROJECT V3 MOVING ADDED\MFCPROJECT\DEBUG\MFCPROJECT.PCH
C:\USERS\ARIEL\DESKTOP\FINAL\MFCPROJECT V3 MOVING ADDED\MFCPROJECT\DEBUG\MFCPROJECT.RES
C:\USERS\ARIEL\DESKTOP\FINAL\MFCPROJECT V3 MOVING ADDED\MFCPROJECT\DEBUG\MFCPROJECTDLG.OBJ
C:\USERS\ARIEL\DESKTOP\FINAL\MFCPROJECT V3 MOVING ADDED\MFCPROJECT\DEBUG\SHAPES.OBJ
C:\USERS\ARIEL\DESKTOP\FINAL\MFCPROJECT V3 MOVING ADDED\MFCPROJECT\DEBUG\STDAFX.OBJ
C:\USERS\ARIEL\DESKTOP\FINAL\MFCPROJECT V3 MOVING ADDED\MFCPROJECT\DEBUG\VC100.PDB
C:\USERS\ARIEL\DESKTOP\MFCPROJECT V1 DO UNDO ADDED\DEBUG\MFCPROJECT.EXE
C:\USERS\ARIEL\DESKTOP\MFCPROJECT V1 DO UNDO ADDED\DEBUG\MFCPROJECT.ILK
C:\USERS\ARIEL\DESKTOP\MFCPROJECT V1 DO UNDO ADDED\DEBUG\MFCPROJECT.PDB
C:\USERS\ARIEL\DESKTOP\MFCPROJECT V1 DO UNDO ADDED\MFCPROJECT\DEBUG\MFCPROJECT.EXE.EMBED.MANIFEST
C:\USERS\ARIEL\DESKTOP\MFCPROJECT V1 DO UNDO ADDED\MFCPROJECT\DEBUG\MFCPROJECT.EXE.EMBED.MANIFEST.RES
C:\USERS\ARIEL\DESKTOP\MFCPROJECT V1 DO UNDO ADDED\MFCPROJECT\DEBUG\MFCPROJECT.EXE.INTERMEDIATE.MANIFEST
C:\USERS\ARIEL\DESKTOP\MFCPROJECT V1 DO UNDO ADDED\MFCPROJECT\DEBUG\MFCPROJECT.OBJ
C:\USERS\ARIEL\DESKTOP\MFCPROJECT V1 DO UNDO ADDED\MFCPROJECT\DEBUG\MFCPROJECT.PCH
C:\USERS\ARIEL\DESKTOP\MFCPROJECT V1 DO UNDO ADDED\MFCPROJECT\DEBUG\MFCPROJECT.RES
C:\USERS\ARIEL\DESKTOP\MFCPROJECT V1 DO UNDO ADDED\MFCPROJECT\DEBUG\MFCPROJECTDLG.OBJ
C:\USERS\ARIEL\DESKTOP\MFCPROJECT V1 DO UNDO ADDED\MFCPROJECT\DEBUG\SHAPES.OBJ
C:\USERS\ARIEL\DESKTOP\MFCPROJECT V1 DO UNDO ADDED\MFCPROJECT\DEBUG\STDAFX.OBJ
C:\USERS\ARIEL\DESKTOP\MFCPROJECT V1 DO UNDO ADDED\MFCPROJECT\DEBUG\VC100.PDB
C:\USERS\ARIEL\DESKTOP\MFCPROJECT V1\DEBUG\MFCPROJECT.EXE
C:\USERS\ARIEL\DESKTOP\MFCPROJECT V1\DEBUG\MFCPROJECT.ILK
C:\USERS\ARIEL\DESKTOP\MFCPROJECT V1\DEBUG\MFCPROJECT.PDB
C:\USERS\ARIEL\DESKTOP\MFCPROJECT V1\MFCPROJECT\DEBUG\MFCPROJECT.EXE.EMBED.MANIFEST.RES
C:\USERS\ARIEL\DESKTOP\MFCPROJECT V1\MFCPROJECT\DEBUG\MFCPROJECT.EXE.INTERMEDIATE.MANIFEST
C:\USERS\ARIEL\DESKTOP\MFCPROJECT V1\MFCPROJECT\DEBUG\MFCPROJECT.OBJ
C:\USERS\ARIEL\DESKTOP\MFCPROJECT V1\MFCPROJECT\DEBUG\MFCPROJECT.PCH
C:\USERS\ARIEL\DESKTOP\MFCPROJECT V1\MFCPROJECT\DEBUG\MFCPROJECT.RES
C:\USERS\ARIEL\DESKTOP\MFCPROJECT V1\MFCPROJECT\DEBUG\MFCPROJECTDLG.OBJ
C:\USERS\ARIEL\DESKTOP\MFCPROJECT V1\MFCPROJECT\DEBUG\SHAPES.OBJ
C:\USERS\ARIEL\DESKTOP\MFCPROJECT V1\MFCPROJECT\DEBUG\STDAFX.OBJ
C:\USERS\ARIEL\DESKTOP\MFCPROJECT V1\MFCPROJECT\DEBUG\VC100.PDB
C:\USERS\ARIEL\DESKTOP\MFCPROJECT V2 MOVING ADDED\DEBUG\MFCPROJECT.EXE
C:\USERS\ARIEL\DESKTOP\MFCPROJECT V2 MOVING ADDED\DEBUG\MFCPROJECT.ILK
C:\USERS\ARIEL\DESKTOP\MFCPROJECT V2 MOVING ADDED\DEBUG\MFCPROJECT.PDB
C:\USERS\ARIEL\DESKTOP\MFCPROJECT V2 MOVING ADDED\MFCPROJECT\DEBUG\MFCPROJECT.EXE.EMBED.MANIFEST.RES
C:\USERS\ARIEL\DESKTOP\MFCPROJECT V2 MOVING ADDED\MFCPROJECT\DEBUG\MFCPROJECT.EXE.INTERMEDIATE.MANIFEST
C:\USERS\ARIEL\DESKTOP\MFCPROJECT V2 MOVING ADDED\MFCPROJECT\DEBUG\MFCPROJECT.OBJ
C:\USERS\ARIEL\DESKTOP\MFCPROJECT V2 MOVING ADDED\MFCPROJECT\DEBUG\MFCPROJECT.PCH
C:\USERS\ARIEL\DESKTOP\MFCPROJECT V2 MOVING ADDED\MFCPROJECT\DEBUG\MFCPROJECT.RES
C:\USERS\ARIEL\DESKTOP\MFCPROJECT V2 MOVING ADDED\MFCPROJECT\DEBUG\MFCPROJECTDLG.OBJ
C:\USERS\ARIEL\DESKTOP\MFCPROJECT V2 MOVING ADDED\MFCPROJECT\DEBUG\SHAPES.OBJ
C:\USERS\ARIEL\DESKTOP\MFCPROJECT V2 MOVING ADDED\MFCPROJECT\DEBUG\STDAFX.OBJ
C:\USERS\ARIEL\DESKTOP\MFCPROJECT V2 MOVING ADDED\MFCPROJECT\DEBUG\VC100.PDB
C:\USERS\ARIEL\DESKTOP\MFCPROJECT V3 MOVING ADDED\DEBUG\MFCPROJECT.EXE
C:\USERS\ARIEL\DESKTOP\MFCPROJECT V3 MOVING ADDED\DEBUG\MFCPROJECT.ILK
C:\USERS\ARIEL\DESKTOP\MFCPROJECT V3 MOVING ADDED\DEBUG\MFCPROJECT.PDB
C:\USERS\ARIEL\DESKTOP\MFCPROJECT V3 MOVING ADDED\MFCPROJECT\DEBUG\MFCPROJECT.EXE.EMBED.MANIFEST.RES
C:\USERS\ARIEL\DESKTOP\MFCPROJECT V3 MOVING ADDED\MFCPROJECT\DEBUG\MFCPROJECT.EXE.INTERMEDIATE.MANIFEST
C:\USERS\ARIEL\DESKTOP\MFCPROJECT V3 MOVING ADDED\MFCPROJECT\DEBUG\MFCPROJECT.OBJ
C:\USERS\ARIEL\DESKTOP\MFCPROJECT V3 MOVING ADDED\MFCPROJECT\DEBUG\MFCPROJECT.PCH
C:\USERS\ARIEL\DESKTOP\MFCPROJECT V3 MOVING ADDED\MFCPROJECT\DEBUG\MFCPROJECT.RES
C:\USERS\ARIEL\DESKTOP\MFCPROJECT V3 MOVING ADDED\MFCPROJECT\DEBUG\MFCPROJECTDLG.OBJ
C:\USERS\ARIEL\DESKTOP\MFCPROJECT V3 MOVING ADDED\MFCPROJECT\DEBUG\SHAPES.OBJ
C:\USERS\ARIEL\DESKTOP\MFCPROJECT V3 MOVING ADDED\MFCPROJECT\DEBUG\STDAFX.OBJ
C:\USERS\ARIEL\DESKTOP\MFCPROJECT V3 MOVING ADDED\MFCPROJECT\DEBUG\VC100.PDB
C:\USERS\ARIEL\DESKTOP\TEST\MFCPROJECT V3 MOVING ADDED\DEBUG\MFCPROJECT.EXE
C:\USERS\ARIEL\DESKTOP\TEST\MFCPROJECT V3 MOVING ADDED\DEBUG\MFCPROJECT.ILK
C:\USERS\ARIEL\DESKTOP\TEST\MFCPROJECT V3 MOVING ADDED\DEBUG\MFCPROJECT.PDB
C:\Users\Ariel\Desktop\TEST\MFCproject V3 moving added\MFCproject\Debug\cl.command.1.tlog
C:\Users\Ariel\Desktop\TEST\MFCproject V3 moving added\MFCproject\Debug\CL.read.1.tlog
C:\Users\Ariel\Desktop\TEST\MFCproject V3 moving added\MFCproject\Debug\CL.write.1.tlog
C:\Users\Ariel\Desktop\TEST\MFCproject V3 moving added\MFCproject\Debug\link.2492.read.1.tlog
C:\Users\Ariel\Desktop\TEST\MFCproject V3 moving added\MFCproject\Debug\link.2492.write.1.tlog
C:\Users\Ariel\Desktop\TEST\MFCproject V3 moving added\MFCproject\Debug\link.2492-cvtres.read.1.tlog
C:\Users\Ariel\Desktop\TEST\MFCproject V3 moving added\MFCproject\Debug\link.2492-cvtres.write.1.tlog
C:\Users\Ariel\Desktop\TEST\MFCproject V3 moving added\MFCproject\Debug\link.3260.read.1.tlog
C:\Users\Ariel\Desktop\TEST\MFCproject V3 moving added\MFCproject\Debug\link.3260.write.1.tlog
C:\Users\Ariel\Desktop\TEST\MFCproject V3 moving added\MFCproject\Debug\link.3260-cvtres.read.1.tlog
C:\Users\Ariel\Desktop\TEST\MFCproject V3 moving added\MFCproject\Debug\link.3260-cvtres.write.1.tlog
C:\Users\Ariel\Desktop\TEST\MFCproject V3 moving added\MFCproject\Debug\link.4208.read.1.tlog
C:\Users\Ariel\Desktop\TEST\MFCproject V3 moving added\MFCproject\Debug\link.4208.write.1.tlog
C:\Users\Ariel\Desktop\TEST\MFCproject V3 moving added\MFCproject\Debug\link.4208-cvtres.read.1.tlog
C:\Users\Ariel\Desktop\TEST\MFCproject V3 moving added\MFCproject\Debug\link.4208-cvtres.write.1.tlog
C:\Users\Ariel\Desktop\TEST\MFCproject V3 moving added\MFCproject\Debug\link.4372.read.1.tlog
C:\Users\Ariel\Desktop\TEST\MFCproject V3 moving added\MFCproject\Debug\link.4372.write.1.tlog
C:\Users\Ariel\Desktop\TEST\MFCproject V3 moving added\MFCproject\Debug\link.4372-cvtres.read.1.tlog
C:\Users\Ariel\Desktop\TEST\MFCproject V3 moving added\MFCproject\Debug\link.4372-cvtres.write.1.tlog
C:\Users\Ariel\Desktop\TEST\MFCproject V3 moving added\MFCproject\Debug\link.6272.read.1.tlog
C:\Users\Ariel\Desktop\TEST\MFCproject V3 moving added\MFCproject\Debug\link.6272.write.1.tlog
C:\Users\Ariel\Desktop\TEST\MFCproject V3 moving added\MFCproject\Debug\link.6272-cvtres.read.1.tlog
C:\Users\Ariel\Desktop\TEST\MFCproject V3 moving added\MFCproject\Debug\link.6272-cvtres.write.1.tlog
C:\Users\Ariel\Desktop\TEST\MFCproject V3 moving added\MFCproject\Debug\link.6996.read.1.tlog
C:\Users\Ariel\Desktop\TEST\MFCproject V3 moving added\MFCproject\Debug\link.6996.write.1.tlog
C:\Users\Ariel\Desktop\TEST\MFCproject V3 moving added\MFCproject\Debug\link.6996-cvtres.read.1.tlog
C:\Users\Ariel\Desktop\TEST\MFCproject V3 moving added\MFCproject\Debug\link.6996-cvtres.write.1.tlog
C:\Users\Ariel\Desktop\TEST\MFCproject V3 moving added\MFCproject\Debug\link.7648.read.1.tlog
C:\Users\Ariel\Desktop\TEST\MFCproject V3 moving added\MFCproject\Debug\link.7648.write.1.tlog
C:\Users\Ariel\Desktop\TEST\MFCproject V3 moving added\MFCproject\Debug\link.7648-cvtres.read.1.tlog
C:\Users\Ariel\Desktop\TEST\MFCproject V3 moving added\MFCproject\Debug\link.7648-cvtres.write.1.tlog
C:\Users\Ariel\Desktop\TEST\MFCproject V3 moving added\MFCproject\Debug\link.7700.read.1.tlog
C:\Users\Ariel\Desktop\TEST\MFCproject V3 moving added\MFCproject\Debug\link.7700.write.1.tlog
C:\Users\Ariel\Desktop\TEST\MFCproject V3 moving added\MFCproject\Debug\link.7700-cvtres.read.1.tlog
C:\Users\Ariel\Desktop\TEST\MFCproject V3 moving added\MFCproject\Debug\link.7700-cvtres.write.1.tlog
C:\Users\Ariel\Desktop\TEST\MFCproject V3 moving added\MFCproject\Debug\link.8692.read.1.tlog
C:\Users\Ariel\Desktop\TEST\MFCproject V3 moving added\MFCproject\Debug\link.8692.write.1.tlog
C:\Users\Ariel\Desktop\TEST\MFCproject V3 moving added\MFCproject\Debug\link.8692-cvtres.read.1.tlog
C:\Users\Ariel\Desktop\TEST\MFCproject V3 moving added\MFCproject\Debug\link.8692-cvtres.write.1.tlog
C:\Users\Ariel\Desktop\TEST\MFCproject V3 moving added\MFCproject\Debug\link.9672.read.1.tlog
C:\Users\Ariel\Desktop\TEST\MFCproject V3 moving added\MFCproject\Debug\link.9672.write.1.tlog
C:\Users\Ariel\Desktop\TEST\MFCproject V3 moving added\MFCproject\Debug\link.9672-cvtres.read.1.tlog
C:\Users\Ariel\Desktop\TEST\MFCproject V3 moving added\MFCproject\Debug\link.9672-cvtres.write.1.tlog
C:\Users\Ariel\Desktop\TEST\MFCproject V3 moving added\MFCproject\Debug\link.command.1.tlog
C:\Users\Ariel\Desktop\TEST\MFCproject V3 moving added\MFCproject\Debug\link.read.1.tlog
C:\Users\Ariel\Desktop\TEST\MFCproject V3 moving added\MFCproject\Debug\link.write.1.tlog
C:\Users\Ariel\Desktop\TEST\MFCproject V3 moving added\MFCproject\Debug\link-cvtres.read.1.tlog
C:\Users\Ariel\Desktop\TEST\MFCproject V3 moving added\MFCproject\Debug\link-cvtres.write.1.tlog
C:\Users\Ariel\Desktop\TEST\MFCproject V3 moving added\MFCproject\Debug\MFCproject.exe.embed.manifest
C:\USERS\ARIEL\DESKTOP\TEST\MFCPROJECT V3 MOVING ADDED\MFCPROJECT\DEBUG\MFCPROJECT.EXE.EMBED.MANIFEST.RES
C:\USERS\ARIEL\DESKTOP\TEST\MFCPROJECT V3 MOVING ADDED\MFCPROJECT\DEBUG\MFCPROJECT.EXE.INTERMEDIATE.MANIFEST
C:\USERS\ARIEL\DESKTOP\TEST\MFCPROJECT V3 MOVING ADDED\MFCPROJECT\DEBUG\MFCPROJECT.OBJ
C:\USERS\ARIEL\DESKTOP\TEST\MFCPROJECT V3 MOVING ADDED\MFCPROJECT\DEBUG\MFCPROJECT.PCH
C:\USERS\ARIEL\DESKTOP\TEST\MFCPROJECT V3 MOVING ADDED\MFCPROJECT\DEBUG\MFCPROJECT.RES
C:\Users\Ariel\Desktop\TEST\MFCproject V3 moving added\MFCproject\Debug\MFCproject.vcxprojResolveAssemblyReference.cache
C:\Users\Ariel\Desktop\TEST\MFCproject V3 moving added\MFCproject\Debug\MFCproject.write.1.tlog
C:\Users\Ariel\Desktop\TEST\MFCproject V3 moving added\MFCproject\Debug\MFCproject_manifest.rc
C:\USERS\ARIEL\DESKTOP\TEST\MFCPROJECT V3 MOVING ADDED\MFCPROJECT\DEBUG\MFCPROJECTDLG.OBJ
C:\Users\Ariel\Desktop\TEST\MFCproject V3 moving added\MFCproject\Debug\mt.command.1.tlog
C:\Users\Ariel\Desktop\TEST\MFCproject V3 moving added\MFCproject\Debug\mt.read.1.tlog
C:\Users\Ariel\Desktop\TEST\MFCproject V3 moving added\MFCproject\Debug\mt.write.1.tlog
C:\Users\Ariel\Desktop\TEST\MFCproject V3 moving added\MFCproject\Debug\rc.command.1.tlog
C:\Users\Ariel\Desktop\TEST\MFCproject V3 moving added\MFCproject\Debug\rc.read.1.tlog
C:\Users\Ariel\Desktop\TEST\MFCproject V3 moving added\MFCproject\Debug\rc.write.1.tlog
C:\USERS\ARIEL\DESKTOP\TEST\MFCPROJECT V3 MOVING ADDED\MFCPROJECT\DEBUG\SHAPES.OBJ
C:\USERS\ARIEL\DESKTOP\TEST\MFCPROJECT V3 MOVING ADDED\MFCPROJECT\DEBUG\STDAFX.OBJ
C:\Users\Ariel\Desktop\TEST\MFCproject V3 moving added\MFCproject\Debug\vc100.idb
C:\USERS\ARIEL\DESKTOP\TEST\MFCPROJECT V3 MOVING ADDED\MFCPROJECT\DEBUG\VC100.PDB
C:\USERS\ARIEL\DESKTOP\לימודים\שנה ב\סמסטר א\מונחה עצמים\MFC PROJECT\NEW\MFCPROJECT V1\DEBUG\MFCPROJECT.EXE
C:\USERS\ARIEL\DESKTOP\לימודים\שנה ב\סמסטר א\מונחה עצמים\MFC PROJECT\NEW\MFCPROJECT V1\DEBUG\MFCPROJECT.ILK
C:\USERS\ARIEL\DESKTOP\לימודים\שנה ב\סמסטר א\מונחה עצמים\MFC PROJECT\NEW\MFCPROJECT V1\DEBUG\MFCPROJECT.PDB
C:\USERS\ARIEL\DESKTOP\לימודים\שנה ב\סמסטר א\מונחה עצמים\MFC PROJECT\NEW\MFCPROJECT V1\MFCPROJECT\DEBUG\MFCPROJECT.EXE.EMBED.MANIFEST
C:\USERS\ARIEL\DESKTOP\לימודים\שנה ב\סמסטר א\מונחה עצמים\MFC PROJECT\NEW\MFCPROJECT V1\MFCPROJECT\DEBUG\MFCPROJECT.EXE.EMBED.MANIFEST.RES
C:\USERS\ARIEL\DESKTOP\לימודים\שנה ב\סמסטר א\מונחה עצמים\MFC PROJECT\NEW\MFCPROJECT V1\MFCPROJECT\DEBUG\MFCPROJECT.EXE.INTERMEDIATE.MANIFEST
C:\USERS\ARIEL\DESKTOP\לימודים\שנה ב\סמסטר א\מונחה עצמים\MFC PROJECT\NEW\MFCPROJECT V1\MFCPROJECT\DEBUG\MFCPROJECT.OBJ
C:\USERS\ARIEL\DESKTOP\לימודים\שנה ב\סמסטר א\מונחה עצמים\MFC PROJECT\NEW\MFCPROJECT V1\MFCPROJECT\DEBUG\MFCPROJECT.PCH
C:\USERS\ARIEL\DESKTOP\לימודים\שנה ב\סמסטר א\מונחה עצמים\MFC PROJECT\NEW\MFCPROJECT V1\MFCPROJECT\DEBUG\MFCPROJECT.RES
C:\USERS\ARIEL\DESKTOP\לימודים\שנה ב\סמסטר א\מונחה עצמים\MFC PROJECT\NEW\MFCPROJECT V1\MFCPROJECT\DEBUG\MFCPROJECTDLG.OBJ
C:\USERS\ARIEL\DESKTOP\לימודים\שנה ב\סמסטר א\מונחה עצמים\MFC PROJECT\NEW\MFCPROJECT V1\MFCPROJECT\DEBUG\SHAPES.OBJ
C:\USERS\ARIEL\DESKTOP\לימודים\שנה ב\סמסטר א\מונחה עצמים\MFC PROJECT\NEW\MFCPROJECT V1\MFCPROJECT\DEBUG\STDAFX.OBJ
C:\USERS\ARIEL\DESKTOP\לימודים\שנה ב\סמסטר א\מונחה עצמים\MFC PROJECT\NEW\MFCPROJECT V1\MFCPROJECT\DEBUG\VC100.PDB
D:\חומר לימודים\VISUAL STUDIO WORKGROUPS\MFCPROJECT\DEBUG\MFCPROJECT.EXE
D:\חומר לימודים\VISUAL STUDIO WORKGROUPS\MFCPROJECT\DEBUG\MFCPROJECT.ILK
D:\חומר לימודים\VISUAL STUDIO WORKGROUPS\MFCPROJECT\DEBUG\MFCPROJECT.PDB
D:\חומר לימודים\VISUAL STUDIO WORKGROUPS\MFCPROJECT\MFCPROJECT\DEBUG\MFCPROJECT.EXE.EMBED.MANIFEST
D:\חומר לימודים\VISUAL STUDIO WORKGROUPS\MFCPROJECT\MFCPROJECT\DEBUG\MFCPROJECT.EXE.EMBED.MANIFEST.RES
D:\חומר לימודים\VISUAL STUDIO WORKGROUPS\MFCPROJECT\MFCPROJECT\DEBUG\MFCPROJECT.EXE.INTERMEDIATE.MANIFEST
D:\חומר לימודים\VISUAL STUDIO WORKGROUPS\MFCPROJECT\MFCPROJECT\DEBUG\MFCPROJECT.OBJ
D:\חומר לימודים\VISUAL STUDIO WORKGROUPS\MFCPROJECT\MFCPROJECT\DEBUG\MFCPROJECT.PCH
D:\חומר לימודים\VISUAL STUDIO WORKGROUPS\MFCPROJECT\MFCPROJECT\DEBUG\MFCPROJECT.RES
D:\חומר לימודים\VISUAL STUDIO WORKGROUPS\MFCPROJECT\MFCPROJECT\DEBUG\MFCPROJECTDLG.OBJ
D:\חומר לימודים\VISUAL STUDIO WORKGROUPS\MFCPROJECT\MFCPROJECT\DEBUG\SHAPES.OBJ
D:\חומר לימודים\VISUAL STUDIO WORKGROUPS\MFCPROJECT\MFCPROJECT\DEBUG\STDAFX.OBJ
D:\חומר לימודים\VISUAL STUDIO WORKGROUPS\MFCPROJECT\MFCPROJECT\DEBUG\VC100.PDB
