Build started 12/30/2015 4:33:53 PM.
     1>Project "C:\Users\Ariel\Desktop\MFCproject V5 - Random Added - FixedPressedBug + ToolTip\MFCproject\MFCproject.vcxproj" on node 2 (build target(s)).
     1>InitializeBuildStatus:
         Creating "Debug\MFCproject.unsuccessfulbuild" because "AlwaysCreate" was specified.
       ClCompile:
         C:\Program Files (x86)\Microsoft Visual Studio 10.0\VC\bin\CL.exe /c /ZI /nologo /W3 /WX- /Od /Oy- /D WIN32 /D _WINDOWS /D _DEBUG /D _UNICODE /D UNICODE /D _AFXDLL /Gm /EHsc /RTC1 /MDd /GS /fp:precise /Zc:wchar_t /Zc:forScope /Yc"StdAfx.h" /Fp"Debug\MFCproject.pch" /Fo"Debug\\" /Fd"Debug\vc100.pdb" /Gd /TP /analyze- /errorReport:prompt stdafx.cpp
         stdafx.cpp
         C:\Program Files (x86)\Microsoft Visual Studio 10.0\VC\bin\CL.exe /c /ZI /nologo /W3 /WX- /Od /Oy- /D WIN32 /D _WINDOWS /D _DEBUG /D _UNICODE /D UNICODE /D _AFXDLL /Gm /EHsc /RTC1 /MDd /GS /fp:precise /Zc:wchar_t /Zc:forScope /Yu"StdAfx.h" /Fp"Debug\MFCproject.pch" /Fo"Debug\\" /Fd"Debug\vc100.pdb" /Gd /TP /analyze- /errorReport:prompt MFCproject.cpp MFCprojectDlg.cpp Shapes.cpp
         Shapes.cpp
         MFCprojectDlg.cpp
     1>c:\users\ariel\desktop\mfcproject v5 - random added - fixedpressedbug + tooltip\mfcproject\mfcprojectdlg.cpp(428): warning C4244: 'argument' : conversion from 'time_t' to 'unsigned int', possible loss of data
         MFCproject.cpp
         Generating Code...
       ResourceCompile:
         C:\Program Files (x86)\Microsoft SDKs\Windows\v7.0A\bin\rc.exe /D _DEBUG /D _UNICODE /D UNICODE /D _AFXDLL /l"0x0409" /IDebug\ /nologo /fo"Debug\MFCproject.res" MFCproject.rc 
       ManifestResourceCompile:
         C:\Program Files (x86)\Microsoft SDKs\Windows\v7.0A\bin\rc.exe /nologo /fo"Debug\MFCproject.exe.embed.manifest.res" Debug\MFCproject_manifest.rc 
       Link:
         C:\Program Files (x86)\Microsoft Visual Studio 10.0\VC\bin\link.exe /ERRORREPORT:PROMPT /OUT:"C:\Users\Ariel\Desktop\MFCproject V5 - Random Added - FixedPressedBug + ToolTip\Debug\MFCproject.exe" /INCREMENTAL /NOLOGO /MANIFEST /ManifestFile:"Debug\MFCproject.exe.intermediate.manifest" /MANIFESTUAC:"level='asInvoker' uiAccess='false'" /DEBUG /PDB:"C:\Users\Ariel\Desktop\MFCproject V5 - Random Added - FixedPressedBug + ToolTip\Debug\MFCproject.pdb" /SUBSYSTEM:WINDOWS /TLBID:1 /ENTRY:"wWinMainCRTStartup" /DYNAMICBASE /NXCOMPAT /IMPLIB:"C:\Users\Ariel\Desktop\MFCproject V5 - Random Added - FixedPressedBug + ToolTip\Debug\MFCproject.lib" /MACHINE:X86 Debug\MFCproject.res
         Debug\MFCproject.exe.embed.manifest.res
         Debug\MFCproject.obj
         Debug\MFCprojectDlg.obj
         Debug\Shapes.obj
         Debug\stdafx.obj
       Manifest:
         Deleting file "Debug\MFCproject.exe.embed.manifest".
         C:\Program Files (x86)\Microsoft SDKs\Windows\v7.0A\bin\mt.exe /nologo /verbose /out:"Debug\MFCproject.exe.embed.manifest" /manifest Debug\MFCproject.exe.intermediate.manifest "C:\Program Files (x86)\Microsoft Visual Studio 10.0\VC\Include\Manifest\dpiaware.manifest"
         C:\Program Files (x86)\Microsoft SDKs\Windows\v7.0A\bin\rc.exe /nologo /fo"Debug\MFCproject.exe.embed.manifest.res" Debug\MFCproject_manifest.rc 
       LinkEmbedManifest:
         C:\Program Files (x86)\Microsoft Visual Studio 10.0\VC\bin\link.exe /ERRORREPORT:PROMPT /OUT:"C:\Users\Ariel\Desktop\MFCproject V5 - Random Added - FixedPressedBug + ToolTip\Debug\MFCproject.exe" /INCREMENTAL /NOLOGO /MANIFEST /ManifestFile:"Debug\MFCproject.exe.intermediate.manifest" /MANIFESTUAC:"level='asInvoker' uiAccess='false'" /DEBUG /PDB:"C:\Users\Ariel\Desktop\MFCproject V5 - Random Added - FixedPressedBug + ToolTip\Debug\MFCproject.pdb" /SUBSYSTEM:WINDOWS /TLBID:1 /ENTRY:"wWinMainCRTStartup" /DYNAMICBASE /NXCOMPAT /IMPLIB:"C:\Users\Ariel\Desktop\MFCproject V5 - Random Added - FixedPressedBug + ToolTip\Debug\MFCproject.lib" /MACHINE:X86 Debug\MFCproject.res
         Debug\MFCproject.exe.embed.manifest.res
         Debug\MFCproject.obj
         Debug\MFCprojectDlg.obj
         Debug\Shapes.obj
         Debug\stdafx.obj
         MFCproject.vcxproj -> C:\Users\Ariel\Desktop\MFCproject V5 - Random Added - FixedPressedBug + ToolTip\Debug\MFCproject.exe
       FinalizeBuildStatus:
         Deleting file "Debug\MFCproject.unsuccessfulbuild".
         Touching "Debug\MFCproject.lastbuildstate".
     1>Done Building Project "C:\Users\Ariel\Desktop\MFCproject V5 - Random Added - FixedPressedBug + ToolTip\MFCproject\MFCproject.vcxproj" (build target(s)).

Build succeeded.

Time Elapsed 00:00:06.27
